robotEye/build/outputs/logs/manifest-merger-debug-report.txt
-- Merging decision tree log ---
manifest
ADDED from src\main\AndroidManifest.xml:2:1-61:12
	package
		ADDED from src\main\AndroidManifest.xml:2:75-109
		INJECTED from src\main\AndroidManifest.xml
		INJECTED from src\main\AndroidManifest.xml
	android:versionName
		ADDED from src\main\AndroidManifest.xml:2:42-74
		INJECTED from src\main\AndroidManifest.xml
		INJECTED from src\main\AndroidManifest.xml
	xmlns:tools
		ADDED from src\main\AndroidManifest.xml:3:62-108
	android:versionCode
		ADDED from src\main\AndroidManifest.xml:2:11-41
		INJECTED from src\main\AndroidManifest.xml
		INJECTED from src\main\AndroidManifest.xml
	xmlns:android
		ADDED from src\main\AndroidManifest.xml:3:3-61
uses-permission#android.permission.INTERNET
ADDED from src\main\AndroidManifest.xml:4:5-67
	android:name
		ADDED from src\main\AndroidManifest.xml:4:22-64
uses-permission#android.permission.ACCESS_NETWORK_STATE
ADDED from src\main\AndroidManifest.xml:5:5-79
	android:name
		ADDED from src\main\AndroidManifest.xml:5:22-76
uses-permission#android.permission.ACCESS_WIFI_STATE
ADDED from src\main\AndroidManifest.xml:6:5-76
	android:name
		ADDED from src\main\AndroidManifest.xml:6:22-73
uses-permission#adnroid.permission.ACCESS_CHECKIN_PROPERTTES
ADDED from src\main\AndroidManifest.xml:7:5-84
	android:name
		ADDED from src\main\AndroidManifest.xml:7:22-81
uses-permission#android.permission.WAKE_LOCK
ADDED from src\main\AndroidManifest.xml:8:5-68
	android:name
		ADDED from src\main\AndroidManifest.xml:8:22-65
uses-permission#android.permission.WRITE_EXTERNAL_STORAGE
ADDED from src\main\AndroidManifest.xml:9:5-81
	android:name
		ADDED from src\main\AndroidManifest.xml:9:22-78
uses-permission#android.permission.RECORD_AUDIO
ADDED from src\main\AndroidManifest.xml:10:5-71
	android:name
		ADDED from src\main\AndroidManifest.xml:10:22-68
uses-permission#android.permission.CAMERA
ADDED from src\main\AndroidManifest.xml:11:5-65
	android:name
		ADDED from src\main\AndroidManifest.xml:11:22-62
uses-permission#android.permission.MODIFY_AUDIO_SETTINGS
ADDED from src\main\AndroidManifest.xml:12:5-80
	android:name
		ADDED from src\main\AndroidManifest.xml:12:22-77
uses-permission#android.permission.VIBRATE
ADDED from src\main\AndroidManifest.xml:13:5-66
	android:name
		ADDED from src\main\AndroidManifest.xml:13:22-63
uses-permission#android.permission.FLASHLIGHT
ADDED from src\main\AndroidManifest.xml:14:5-69
	android:name
		ADDED from src\main\AndroidManifest.xml:14:22-66
uses-permission#android.permission.CHANGE_NETWORK_STATE
ADDED from src\main\AndroidManifest.xml:15:5-79
	android:name
		ADDED from src\main\AndroidManifest.xml:15:22-76
uses-permission#android.permission.CHANGE_WIFI_STATE
ADDED from src\main\AndroidManifest.xml:16:5-76
	android:name
		ADDED from src\main\AndroidManifest.xml:16:22-73
uses-feature#android.hardware.camera
ADDED from src\main\AndroidManifest.xml:17:5-60
	android:name
		ADDED from src\main\AndroidManifest.xml:17:19-57
uses-feature#android.hardware.camera.autofocus
ADDED from src\main\AndroidManifest.xml:18:5-70
	android:name
		ADDED from src\main\AndroidManifest.xml:18:19-67
uses-permission#android.permission.DISABLE_KEYGUARD
ADDED from src\main\AndroidManifest.xml:19:5-75
	android:name
		ADDED from src\main\AndroidManifest.xml:19:22-72
uses-permission#android.permission.READ_PHONE_STATE
ADDED from src\main\AndroidManifest.xml:20:5-75
	android:name
		ADDED from src\main\AndroidManifest.xml:20:22-72
uses-permission#android.permission.RECEIVE_BOOT_COMPLETED
ADDED from src\main\AndroidManifest.xml:21:5-81
	android:name
		ADDED from src\main\AndroidManifest.xml:21:22-78
supports-screens
ADDED from src\main\AndroidManifest.xml:22:5-162
	android:largeScreens
		ADDED from src\main\AndroidManifest.xml:22:106-133
	android:smallScreens
		ADDED from src\main\AndroidManifest.xml:22:49-76
	android:normalScreens
		ADDED from src\main\AndroidManifest.xml:22:77-105
	android:resizeable
		ADDED from src\main\AndroidManifest.xml:22:134-159
	android:anyDensity
		ADDED from src\main\AndroidManifest.xml:22:23-48
application
ADDED from src\main\AndroidManifest.xml:23:5-60:19
	android:label
		ADDED from src\main\AndroidManifest.xml:23:72-104
	android:allowBackup
		ADDED from src\main\AndroidManifest.xml:23:204-230
	android:icon
		ADDED from src\main\AndroidManifest.xml:23:105-143
	android:theme
		ADDED from src\main\AndroidManifest.xml:23:18-71
	android:name
		ADDED from src\main\AndroidManifest.xml:23:144-203
service#rtc.sdk.impl.SdkService
ADDED from src\main\AndroidManifest.xml:24:9-28:19
	android:name
		ADDED from src\main\AndroidManifest.xml:24:18-56
intent-filter#rtc.sdk.service
ADDED from src\main\AndroidManifest.xml:25:13-27:29
action#rtc.sdk.service
ADDED from src\main\AndroidManifest.xml:26:17-58
	android:name
		ADDED from src\main\AndroidManifest.xml:26:25-55
receiver#com.chinatel.robotclient.receiver.BootBroadcastReceiver
ADDED from src\main\AndroidManifest.xml:29:9-33:20
	android:name
		ADDED from src\main\AndroidManifest.xml:29:19-65
intent-filter#android.intent.action.BOOT_COMPLETED
ADDED from src\main\AndroidManifest.xml:30:13-32:29
	android:priority
		ADDED from src\main\AndroidManifest.xml:30:28-57
action#android.intent.action.BOOT_COMPLETED
ADDED from src\main\AndroidManifest.xml:31:17-79
	android:name
		ADDED from src\main\AndroidManifest.xml:31:25-76
activity#com.chinatel.robotclient.activity.ManualConnectActivity
ADDED from src\main\AndroidManifest.xml:34:9-39:20
	android:screenOrientation
		ADDED from src\main\AndroidManifest.xml:34:97-133
	android:launchMode
		ADDED from src\main\AndroidManifest.xml:34:66-96
	android:name
		ADDED from src\main\AndroidManifest.xml:34:19-65
intent-filter#android.intent.action.MAIN+android.intent.category.LAUNCHER
ADDED from src\main\AndroidManifest.xml:35:13-38:29
action#android.intent.action.MAIN
ADDED from src\main\AndroidManifest.xml:36:17-69
	android:name
		ADDED from src\main\AndroidManifest.xml:36:25-66
category#android.intent.category.LAUNCHER
ADDED from src\main\AndroidManifest.xml:37:17-77
	android:name
		ADDED from src\main\AndroidManifest.xml:37:27-74
activity#com.chinatel.robotclient.activity.ProtocolShowActivity
ADDED from src\main\AndroidManifest.xml:40:9-136
	android:screenOrientation
		ADDED from src\main\AndroidManifest.xml:40:97-133
	android:launchMode
		ADDED from src\main\AndroidManifest.xml:40:65-96
	android:name
		ADDED from src\main\AndroidManifest.xml:40:19-64
activity#com.chinatel.robotclient.activity.HomeActivity
ADDED from src\main\AndroidManifest.xml:41:9-191
	android:label
		ADDED from src\main\AndroidManifest.xml:41:66-98
	android:launchMode
		ADDED from src\main\AndroidManifest.xml:41:137-167
	tools:ignore
		ADDED from src\main\AndroidManifest.xml:41:168-189
	android:theme
		ADDED from src\main\AndroidManifest.xml:41:19-65
	android:name
		ADDED from src\main\AndroidManifest.xml:41:99-136
activity#com.chinatel.robotclient.activity.CaptureActivity
ADDED from src\main\AndroidManifest.xml:42:9-46:20
	android:screenOrientation
		ADDED from src\main\AndroidManifest.xml:42:92-128
	android:launchMode
		ADDED from src\main\AndroidManifest.xml:42:60-91
	android:name
		ADDED from src\main\AndroidManifest.xml:42:19-59
intent-filter#android.intent.action.MAIN
ADDED from src\main\AndroidManifest.xml:43:13-45:29
activity#com.chinatel.robotclient.activity.ConnectRobotActivity
ADDED from src\main\AndroidManifest.xml:48:9-173
	android:screenOrientation
		ADDED from src\main\AndroidManifest.xml:48:112-149
	tools:ignore
		ADDED from src\main\AndroidManifest.xml:48:150-171
	android:theme
		ADDED from src\main\AndroidManifest.xml:48:19-65
	android:name
		ADDED from src\main\AndroidManifest.xml:48:66-111
activity#com.chinatel.robotclient.activity.ConnectActivity
ADDED from src\main\AndroidManifest.xml:49:10-213
	android:screenOrientation
		ADDED from src\main\AndroidManifest.xml:49:126-163
	android:configChanges
		ADDED from src\main\AndroidManifest.xml:49:164-210
	android:theme
		ADDED from src\main\AndroidManifest.xml:49:20-84
	android:name
		ADDED from src\main\AndroidManifest.xml:49:85-125
activity#com.chinatel.robotclient.activity.ControlActivity
ADDED from src\main\AndroidManifest.xml:50:9-212
	android:screenOrientation
		ADDED from src\main\AndroidManifest.xml:50:125-162
	android:configChanges
		ADDED from src\main\AndroidManifest.xml:50:163-209
	android:theme
		ADDED from src\main\AndroidManifest.xml:50:19-83
	android:name
		ADDED from src\main\AndroidManifest.xml:50:84-124
activity#com.chinatel.robotclient.activity.ConnectHelpActivity
ADDED from src\main\AndroidManifest.xml:51:9-169
	android:screenOrientation
		ADDED from src\main\AndroidManifest.xml:51:129-166
	android:theme
		ADDED from src\main\AndroidManifest.xml:51:19-83
	android:name
		ADDED from src\main\AndroidManifest.xml:51:84-128
activity#com.chinatel.robotclient.activity.ConnectFailedActivity
ADDED from src\main\AndroidManifest.xml:52:9-171
	android:screenOrientation
		ADDED from src\main\AndroidManifest.xml:52:131-168
	android:theme
		ADDED from src\main\AndroidManifest.xml:52:19-83
	android:name
		ADDED from src\main\AndroidManifest.xml:52:84-130
activity#com.chinatel.robotclient.activity.IsCalledActivity
ADDED from src\main\AndroidManifest.xml:53:9-260
	android:screenOrientation
		ADDED from src\main\AndroidManifest.xml:53:153-189
	android:excludeFromRecents
		ADDED from src\main\AndroidManifest.xml:53:119-152
	tools:ignore
		ADDED from src\main\AndroidManifest.xml:53:237-258
	android:configChanges
		ADDED from src\main\AndroidManifest.xml:53:190-236
	android:theme
		ADDED from src\main\AndroidManifest.xml:53:19-76
	android:name
		ADDED from src\main\AndroidManifest.xml:53:77-118
activity#com.chinatel.robotclient.activity.CallPageActivity
ADDED from src\main\AndroidManifest.xml:54:9-213
	android:screenOrientation
		ADDED from src\main\AndroidManifest.xml:54:126-163
	android:configChanges
		ADDED from src\main\AndroidManifest.xml:54:164-210
	android:theme
		ADDED from src\main\AndroidManifest.xml:54:19-83
	android:name
		ADDED from src\main\AndroidManifest.xml:54:84-125
receiver#com.chinatel.robotclient.receiver.IsCallReceiver
ADDED from src\main\AndroidManifest.xml:55:9-59:20
	android:name
		ADDED from src\main\AndroidManifest.xml:55:19-58
intent-filter#com.chinatel.robotclient.IS_CALL_RECEIVER
ADDED from src\main\AndroidManifest.xml:56:13-58:29
action#com.chinatel.robotclient.IS_CALL_RECEIVER
ADDED from src\main\AndroidManifest.xml:57:17-84
	android:name
		ADDED from src\main\AndroidManifest.xml:57:25-81